[1733421408][2024-12-05 17:56:48] Error [2]: Undefined variable $undefinedVariable in /var/www/html/dam/Primero/Lenguajes de marcas y sistemas de gestión de información/003-Manipulación de documentos Web/proyectos/004-proyecto Apple/076-error a archivo/back/inc/error.php on line 56
[1733421408][2024-12-05 17:56:48] Uncaught Exception: This is a test exception in /var/www/html/dam/Primero/Lenguajes de marcas y sistemas de gestión de información/003-Manipulación de documentos Web/proyectos/004-proyecto Apple/076-error a archivo/back/inc/error.php on line 59
[1733421448][2024-12-05 17:57:28] Error [2]: Undefined variable $undefinedVariable in /var/www/html/dam/Primero/Lenguajes de marcas y sistemas de gestión de información/003-Manipulación de documentos Web/proyectos/004-proyecto Apple/076-error a archivo/back/inc/error.php on line 56
[1733421448][2024-12-05 17:57:28] Uncaught Exception: This is a test exception in /var/www/html/dam/Primero/Lenguajes de marcas y sistemas de gestión de información/003-Manipulación de documentos Web/proyectos/004-proyecto Apple/076-error a archivo/back/inc/error.php on line 59
[1733421451][2024-12-05 17:57:31] Error [2]: Undefined variable $undefinedVariable in /var/www/html/dam/Primero/Lenguajes de marcas y sistemas de gestión de información/003-Manipulación de documentos Web/proyectos/004-proyecto Apple/076-error a archivo/back/inc/error.php on line 56
[1733421451][2024-12-05 17:57:31] Uncaught Exception: This is a test exception in /var/www/html/dam/Primero/Lenguajes de marcas y sistemas de gestión de información/003-Manipulación de documentos Web/proyectos/004-proyecto Apple/076-error a archivo/back/inc/error.php on line 59
[1733421561][2024-12-05 17:59:21] Uncaught Exception: Access denied for user 'proyectoapple'@'localhost' to database 'proyectoapple2' in /var/www/html/dam/Primero/Lenguajes de marcas y sistemas de gestión de información/003-Manipulación de documentos Web/proyectos/004-proyecto Apple/076-error a archivo/back/Classes/ConexionBD.php on line 9
[1733421561][2024-12-05 17:59:21] Uncaught Exception: Access denied for user 'proyectoapple'@'localhost' to database 'proyectoapple2' in /var/www/html/dam/Primero/Lenguajes de marcas y sistemas de gestión de información/003-Manipulación de documentos Web/proyectos/004-proyecto Apple/076-error a archivo/back/Classes/ConexionBD.php on line 9
[1733421561][2024-12-05 17:59:21] Uncaught Exception: Access denied for user 'proyectoapple'@'localhost' to database 'proyectoapple2' in /var/www/html/dam/Primero/Lenguajes de marcas y sistemas de gestión de información/003-Manipulación de documentos Web/proyectos/004-proyecto Apple/076-error a archivo/back/Classes/ConexionBD.php on line 9
[1733421561][2024-12-05 17:59:21] Uncaught Exception: Access denied for user 'proyectoapple'@'localhost' to database 'proyectoapple2' in /var/www/html/dam/Primero/Lenguajes de marcas y sistemas de gestión de información/003-Manipulación de documentos Web/proyectos/004-proyecto Apple/076-error a archivo/back/Classes/ConexionBD.php on line 9
[1734532107][2024-12-18 14:28:27] Error [2]: file_put_contents(../basededatos/pedidos/1734532107.json): Failed to open stream: Permission denied in /var/www/html/dam/Primero/Lenguajes de marcas y sistemas de gestión de información/003-Manipulación de documentos Web/proyectos/007-Proyecto OldLace/121-Guardado de json mas ordenado/back/index.php on line 26
[1734545872][2024-12-18 18:17:52] Uncaught Exception: Access denied for user 'proyectoapple'@'localhost' to database 'proyectoapple' in /var/www/html/dam/Primero/Lenguajes de marcas y sistemas de gestión de información/003-Manipulación de documentos Web/proyectos/007-Proyecto OldLace/139-Archivo de configuracion/back/Classes/ConexionBD.php on line 9
[1734545872][2024-12-18 18:17:52] Uncaught Exception: Access denied for user 'proyectoapple'@'localhost' to database 'proyectoapple' in /var/www/html/dam/Primero/Lenguajes de marcas y sistemas de gestión de información/003-Manipulación de documentos Web/proyectos/007-Proyecto OldLace/139-Archivo de configuracion/back/Classes/ConexionBD.php on line 9
[1734545872][2024-12-18 18:17:52] Uncaught Exception: Access denied for user 'proyectoapple'@'localhost' to database 'proyectoapple' in /var/www/html/dam/Primero/Lenguajes de marcas y sistemas de gestión de información/003-Manipulación de documentos Web/proyectos/007-Proyecto OldLace/139-Archivo de configuracion/back/Classes/ConexionBD.php on line 9
[1734545872][2024-12-18 18:17:52] Uncaught Exception: Access denied for user 'proyectoapple'@'localhost' to database 'proyectoapple' in /var/www/html/dam/Primero/Lenguajes de marcas y sistemas de gestión de información/003-Manipulación de documentos Web/proyectos/007-Proyecto OldLace/139-Archivo de configuracion/back/Classes/ConexionBD.php on line 9
[1734621206][2024-12-19 15:13:26] Uncaught Exception: Table 'oldlace.piedepagina' doesn't exist in /var/www/html/dam/Primero/Lenguajes de marcas y sistemas de gestión de información/003-Manipulación de documentos Web/proyectos/007-Proyecto OldLace/147-Pie de pagina/back/Classes/ConexionBD.php on line 38
[1734621218][2024-12-19 15:13:38] Uncaught Exception: Table 'oldlace.piedepagina' doesn't exist in /var/www/html/dam/Primero/Lenguajes de marcas y sistemas de gestión de información/003-Manipulación de documentos Web/proyectos/007-Proyecto OldLace/147-Pie de pagina/back/Classes/ConexionBD.php on line 38
[1734622459][2024-12-19 15:34:19] Uncaught Exception: nl2br(): Argument #1 ($string) must be of type string, array given in /var/www/html/dam/Primero/Lenguajes de marcas y sistemas de gestión de información/003-Manipulación de documentos Web/proyectos/007-Proyecto OldLace/148-Paginas libres/back/Classes/ConexionBD.php on line 46
[1734622459][2024-12-19 15:34:19] Uncaught Exception: nl2br(): Argument #1 ($string) must be of type string, array given in /var/www/html/dam/Primero/Lenguajes de marcas y sistemas de gestión de información/003-Manipulación de documentos Web/proyectos/007-Proyecto OldLace/148-Paginas libres/back/Classes/ConexionBD.php on line 46
[1739215673][2025-02-10 19:27:53] Uncaught Exception: Access denied for user 'root'@'localhost' (using password: NO) in /var/www/html/coffee-soul/back/Classes/ConexionBD.php on line 11
[1739215673][2025-02-10 19:27:53] Uncaught Exception: Access denied for user 'root'@'localhost' (using password: NO) in /var/www/html/coffee-soul/back/Classes/ConexionBD.php on line 11
[1739215673][2025-02-10 19:27:53] Uncaught Exception: Access denied for user 'root'@'localhost' (using password: NO) in /var/www/html/coffee-soul/back/Classes/ConexionBD.php on line 11
[1739215673][2025-02-10 19:27:53] Uncaught Exception: Access denied for user 'root'@'localhost' (using password: NO) in /var/www/html/coffee-soul/back/Classes/ConexionBD.php on line 11
[1739215673][2025-02-10 19:27:53] Uncaught Exception: Access denied for user 'root'@'localhost' (using password: NO) in /var/www/html/coffee-soul/back/Classes/ConexionBD.php on line 11
[1739215693][2025-02-10 19:28:13] Uncaught Exception: Access denied for user 'root'@'localhost' (using password: NO) in /var/www/html/coffee-soul/back/Classes/ConexionBD.php on line 11
[1739215693][2025-02-10 19:28:13] Uncaught Exception: Access denied for user 'root'@'localhost' (using password: NO) in /var/www/html/coffee-soul/back/Classes/ConexionBD.php on line 11
[1739215693][2025-02-10 19:28:13] Uncaught Exception: Access denied for user 'root'@'localhost' (using password: NO) in /var/www/html/coffee-soul/back/Classes/ConexionBD.php on line 11
[1739215693][2025-02-10 19:28:13] Uncaught Exception: Access denied for user 'root'@'localhost' (using password: NO) in /var/www/html/coffee-soul/back/Classes/ConexionBD.php on line 11
[1739215693][2025-02-10 19:28:13] Uncaught Exception: Access denied for user 'root'@'localhost' (using password: NO) in /var/www/html/coffee-soul/back/Classes/ConexionBD.php on line 11
[1739215810][2025-02-10 19:30:10] Uncaught Exception: Access denied for user 'root'@'localhost' (using password: NO) in /var/www/html/coffee-soul/back/Classes/ConexionBD.php on line 11
[1739215810][2025-02-10 19:30:10] Uncaught Exception: Access denied for user 'root'@'localhost' (using password: NO) in /var/www/html/coffee-soul/back/Classes/ConexionBD.php on line 11
[1739215810][2025-02-10 19:30:10] Uncaught Exception: Access denied for user 'root'@'localhost' (using password: NO) in /var/www/html/coffee-soul/back/Classes/ConexionBD.php on line 11
[1739215810][2025-02-10 19:30:10] Uncaught Exception: Access denied for user 'root'@'localhost' (using password: NO) in /var/www/html/coffee-soul/back/Classes/ConexionBD.php on line 11
[1739215810][2025-02-10 19:30:10] Uncaught Exception: Access denied for user 'root'@'localhost' (using password: NO) in /var/www/html/coffee-soul/back/Classes/ConexionBD.php on line 11
[1739215940][2025-02-10 19:32:20] Uncaught Exception: Access denied for user 'root'@'localhost' (using password: NO) in /var/www/html/coffee-soul/back/Classes/ConexionBD.php on line 11
[1739215940][2025-02-10 19:32:20] Uncaught Exception: Access denied for user 'root'@'localhost' (using password: NO) in /var/www/html/coffee-soul/back/Classes/ConexionBD.php on line 11
[1739215940][2025-02-10 19:32:20] Uncaught Exception: Access denied for user 'root'@'localhost' (using password: NO) in /var/www/html/coffee-soul/back/Classes/ConexionBD.php on line 11
[1739215940][2025-02-10 19:32:20] Uncaught Exception: Access denied for user 'root'@'localhost' (using password: NO) in /var/www/html/coffee-soul/back/Classes/ConexionBD.php on line 11
[1739215940][2025-02-10 19:32:20] Uncaught Exception: Access denied for user 'root'@'localhost' (using password: NO) in /var/www/html/coffee-soul/back/Classes/ConexionBD.php on line 11
[1739216117][2025-02-10 19:35:17] Uncaught Exception: Access denied for user 'root'@'localhost' (using password: NO) in /var/www/html/coffee-soul/back/Classes/ConexionBD.php on line 11
[1739216117][2025-02-10 19:35:17] Uncaught Exception: Access denied for user 'root'@'localhost' (using password: NO) in /var/www/html/coffee-soul/back/Classes/ConexionBD.php on line 11
[1739216117][2025-02-10 19:35:17] Uncaught Exception: Access denied for user 'root'@'localhost' (using password: NO) in /var/www/html/coffee-soul/back/Classes/ConexionBD.php on line 11
[1739216117][2025-02-10 19:35:17] Uncaught Exception: Access denied for user 'root'@'localhost' (using password: NO) in /var/www/html/coffee-soul/back/Classes/ConexionBD.php on line 11
[1739216117][2025-02-10 19:35:17] Uncaught Exception: Access denied for user 'root'@'localhost' (using password: NO) in /var/www/html/coffee-soul/back/Classes/ConexionBD.php on line 11
[1739216176][2025-02-10 19:36:16] Uncaught Exception: Access denied for user 'root'@'localhost' (using password: NO) in /var/www/html/coffee-soul/back/Classes/ConexionBD.php on line 11
[1739216176][2025-02-10 19:36:16] Uncaught Exception: Access denied for user 'root'@'localhost' (using password: NO) in /var/www/html/coffee-soul/back/Classes/ConexionBD.php on line 11
[1739216176][2025-02-10 19:36:16] Uncaught Exception: Access denied for user 'root'@'localhost' (using password: NO) in /var/www/html/coffee-soul/back/Classes/ConexionBD.php on line 11
[1739216176][2025-02-10 19:36:16] Uncaught Exception: Access denied for user 'root'@'localhost' (using password: NO) in /var/www/html/coffee-soul/back/Classes/ConexionBD.php on line 11
[1739216176][2025-02-10 19:36:16] Uncaught Exception: Access denied for user 'root'@'localhost' (using password: NO) in /var/www/html/coffee-soul/back/Classes/ConexionBD.php on line 11
[1739216207][2025-02-10 19:36:47] Uncaught Exception: Access denied for user 'root'@'localhost' (using password: NO) in /var/www/html/coffee-soul/back/Classes/ConexionBD.php on line 11
[1739216239][2025-02-10 19:37:19] Uncaught Exception: Access denied for user 'root'@'localhost' (using password: NO) in /var/www/html/coffee-soul/back/Classes/ConexionBD.php on line 11
[1739216243][2025-02-10 19:37:23] Uncaught Exception: Access denied for user 'root'@'localhost' (using password: NO) in /var/www/html/coffee-soul/back/Classes/ConexionBD.php on line 11
[1739292483][2025-02-11 16:48:03] Error [2]: include(Classes/ConexionBD.php): Failed to open stream: No such file or directory in /var/www/html/coffee-soul/back/index.php on line 6
[1739292483][2025-02-11 16:48:03] Error [2]: include(): Failed opening 'Classes/ConexionBD.php' for inclusion (include_path='.:/usr/share/php') in /var/www/html/coffee-soul/back/index.php on line 6
[1739292483][2025-02-11 16:48:03] Uncaught Exception: Class "ConexionBD" not found in /var/www/html/coffee-soul/back/index.php on line 10
[1739292483][2025-02-11 16:48:03] Error [2]: include(Classes/ConexionBD.php): Failed to open stream: No such file or directory in /var/www/html/coffee-soul/back/index.php on line 6
[1739292483][2025-02-11 16:48:03] Error [2]: include(): Failed opening 'Classes/ConexionBD.php' for inclusion (include_path='.:/usr/share/php') in /var/www/html/coffee-soul/back/index.php on line 6
[1739292483][2025-02-11 16:48:03] Uncaught Exception: Class "ConexionBD" not found in /var/www/html/coffee-soul/back/index.php on line 10
[1739292483][2025-02-11 16:48:03] Error [2]: include(Classes/ConexionBD.php): Failed to open stream: No such file or directory in /var/www/html/coffee-soul/back/index.php on line 6
[1739292483][2025-02-11 16:48:03] Error [2]: include(): Failed opening 'Classes/ConexionBD.php' for inclusion (include_path='.:/usr/share/php') in /var/www/html/coffee-soul/back/index.php on line 6
[1739292483][2025-02-11 16:48:03] Uncaught Exception: Class "ConexionBD" not found in /var/www/html/coffee-soul/back/index.php on line 10
[1739292483][2025-02-11 16:48:03] Error [2]: include(Classes/ConexionBD.php): Failed to open stream: No such file or directory in /var/www/html/coffee-soul/back/index.php on line 6
[1739292483][2025-02-11 16:48:03] Error [2]: include(): Failed opening 'Classes/ConexionBD.php' for inclusion (include_path='.:/usr/share/php') in /var/www/html/coffee-soul/back/index.php on line 6
[1739292483][2025-02-11 16:48:03] Uncaught Exception: Class "ConexionBD" not found in /var/www/html/coffee-soul/back/index.php on line 10
[1739292483][2025-02-11 16:48:03] Error [2]: include(Classes/ConexionBD.php): Failed to open stream: No such file or directory in /var/www/html/coffee-soul/back/index.php on line 6
[1739292483][2025-02-11 16:48:03] Error [2]: include(): Failed opening 'Classes/ConexionBD.php' for inclusion (include_path='.:/usr/share/php') in /var/www/html/coffee-soul/back/index.php on line 6
[1739292483][2025-02-11 16:48:03] Uncaught Exception: Class "ConexionBD" not found in /var/www/html/coffee-soul/back/index.php on line 10
[1739292607][2025-02-11 16:50:07] Error [2]: include(Classes/ConexionBD.php): Failed to open stream: No such file or directory in /var/www/html/coffee-soul/back/index.php on line 6
[1739292607][2025-02-11 16:50:07] Error [2]: include(): Failed opening 'Classes/ConexionBD.php' for inclusion (include_path='.:/usr/share/php') in /var/www/html/coffee-soul/back/index.php on line 6
[1739292607][2025-02-11 16:50:07] Uncaught Exception: Class "ConexionBD" not found in /var/www/html/coffee-soul/back/index.php on line 10
[1739292607][2025-02-11 16:50:07] Error [2]: include(Classes/ConexionBD.php): Failed to open stream: No such file or directory in /var/www/html/coffee-soul/back/index.php on line 6
[1739292607][2025-02-11 16:50:07] Error [2]: include(): Failed opening 'Classes/ConexionBD.php' for inclusion (include_path='.:/usr/share/php') in /var/www/html/coffee-soul/back/index.php on line 6
[1739292607][2025-02-11 16:50:07] Uncaught Exception: Class "ConexionBD" not found in /var/www/html/coffee-soul/back/index.php on line 10
[1739292607][2025-02-11 16:50:07] Error [2]: include(Classes/ConexionBD.php): Failed to open stream: No such file or directory in /var/www/html/coffee-soul/back/index.php on line 6
[1739292607][2025-02-11 16:50:07] Error [2]: include(): Failed opening 'Classes/ConexionBD.php' for inclusion (include_path='.:/usr/share/php') in /var/www/html/coffee-soul/back/index.php on line 6
[1739292607][2025-02-11 16:50:07] Uncaught Exception: Class "ConexionBD" not found in /var/www/html/coffee-soul/back/index.php on line 10
[1739292607][2025-02-11 16:50:07] Error [2]: include(Classes/ConexionBD.php): Failed to open stream: No such file or directory in /var/www/html/coffee-soul/back/index.php on line 6
[1739292607][2025-02-11 16:50:07] Error [2]: include(): Failed opening 'Classes/ConexionBD.php' for inclusion (include_path='.:/usr/share/php') in /var/www/html/coffee-soul/back/index.php on line 6
[1739292607][2025-02-11 16:50:07] Uncaught Exception: Class "ConexionBD" not found in /var/www/html/coffee-soul/back/index.php on line 10
[1739292607][2025-02-11 16:50:07] Error [2]: include(Classes/ConexionBD.php): Failed to open stream: No such file or directory in /var/www/html/coffee-soul/back/index.php on line 6
[1739292607][2025-02-11 16:50:07] Error [2]: include(): Failed opening 'Classes/ConexionBD.php' for inclusion (include_path='.:/usr/share/php') in /var/www/html/coffee-soul/back/index.php on line 6
[1739292607][2025-02-11 16:50:07] Uncaught Exception: Class "ConexionBD" not found in /var/www/html/coffee-soul/back/index.php on line 10
[1739300415][2025-02-11 19:00:15] Error [2]: file_put_contents(../basededatos/pedidos/1739300415.json): Failed to open stream: Permission denied in /var/www/html/coffee-soul/back/index.php on line 26
[1739356654][2025-02-12 10:37:34] Error [2]: file_put_contents(../basededatos/pedidos/1739356654.json): Failed to open stream: Permission denied in /var/www/html/coffee-soul/back/index.php on line 26
[1739356779][2025-02-12 10:39:39] Error [2]: file_put_contents(../basededatos/pedidos/1739356779.json): Failed to open stream: Permission denied in /var/www/html/coffee-soul/back/index.php on line 26
[1739359074][2025-02-12 11:17:54] Error [2]: file_put_contents(../basededatos/pedidos/1739359074.json): Failed to open stream: Permission denied in /var/www/html/coffee-soul/back/index.php on line 28
[1739359239][2025-02-12 11:20:39] Error [2]: file_put_contents(../basededatos/pedidos/1739359239.json): Failed to open stream: Permission denied in /var/www/html/coffee-soul/back/index.php on line 28
[1739359546][2025-02-12 11:25:46] Error [2]: file_put_contents(../basededatos/pedidos/1739359546.json): Failed to open stream: Permission denied in /var/www/html/coffee-soul/back/index.php on line 28
